<?xml version="1.0" encoding="UTF-8"?>
<!-- Generated by org.testng.reporters.JUnitReportReporter -->
<testsuite hostname="DESKTOP-LL1B83L" failures="0" tests="1" name="domestic.LVT_ECatalogue_Enquiry" time="33.538" errors="0" timestamp="2025-03-20T16:39:44 IST" skipped="0">
  <testcase classname="domestic.LVT_ECatalogue_Enquiry" name="TC_01" time="33.538"/>
  <system-out/>
</testsuite> <!-- domestic.LVT_ECatalogue_Enquiry -->
