<?xml version="1.0" encoding="UTF-8"?>
<!-- Generated by org.testng.reporters.JUnitReportReporter -->
<testsuite hostname="DESKTOP-LL1B83L" failures="0" tests="1" name="domestic.Download_BIM_File_Form" time="30.422" errors="0" timestamp="2025-03-20T18:11:38 IST" skipped="0">
  <testcase classname="domestic.Download_BIM_File_Form" name="testBimFormSubmission" time="30.422"/>
  <system-out/>
</testsuite> <!-- domestic.Download_BIM_File_Form -->
