<?xml version="1.0" encoding="UTF-8"?>
<!-- Generated by org.testng.reporters.JUnitReportReporter -->
<testsuite hostname="DESKTOP-LL1B83L" failures="0" tests="1" name="domestic.Curations" time="16.987" errors="0" timestamp="2025-03-20T18:11:38 IST" skipped="0">
  <testcase classname="domestic.Curations" name="TC_01" time="16.987"/>
  <system-out/>
</testsuite> <!-- domestic.Curations -->
