<?xml version="1.0" encoding="UTF-8"?>
<!-- Generated by org.testng.reporters.JUnitReportReporter -->
<testsuite hostname="DESKTOP-LL1B83L" failures="0" tests="1" name="domestic.LVT_ECatalogue_Enquiry" time="0.010" errors="0" timestamp="2025-04-24T11:50:45 IST" skipped="0">
  <testcase classname="domestic.LVT_ECatalogue_Enquiry" name="TC_01" time="0.010"/>
  <system-out/>
</testsuite> <!-- domestic.LVT_ECatalogue_Enquiry -->
