<?xml version="1.0" encoding="UTF-8"?>
<!-- Generated by org.testng.reporters.JUnitReportReporter -->
<testsuite hostname="DESKTOP-LL1B83L" failures="0" tests="1" name="domestic.Check" time="5.857" errors="0" timestamp="2025-07-25T21:51:50 IST" skipped="0">
  <testcase classname="domestic.Check" name="TC_01" time="5.857"/>
  <system-out/>
</testsuite> <!-- domestic.Check -->
