<?xml version="1.0" encoding="UTF-8"?>
<!-- Generated by org.testng.reporters.JUnitReportReporter -->
<testsuite hostname="DESKTOP-LL1B83L" failures="0" tests="1" name="domestic.CareersPageForm" time="12.152" errors="0" timestamp="2025-03-24T13:52:34 IST" skipped="0">
  <testcase classname="domestic.CareersPageForm" name="TC_01" time="12.152"/>
  <system-out/>
</testsuite> <!-- domestic.CareersPageForm -->
