<?xml version="1.0" encoding="UTF-8"?>
<!-- Generated by org.testng.reporters.JUnitReportReporter -->
<testsuite hostname="DESKTOP-LL1B83L" failures="0" tests="1" name="domestic.Curations" time="30.384" errors="0" timestamp="2025-07-22T12:43:15 IST" skipped="0">
  <testcase classname="domestic.Curations" name="TC_01" time="30.384"/>
  <system-out/>
</testsuite> <!-- domestic.Curations -->
