<?xml version="1.0" encoding="UTF-8"?>
<!-- Generated by org.testng.reporters.JUnitReportReporter -->
<testsuite hostname="DESKTOP-LL1B83L" failures="0" tests="1" name="domestic.CareersPageForm" time="17.238" errors="0" timestamp="2025-07-22T11:17:40 IST" skipped="0">
  <testcase classname="domestic.CareersPageForm" name="TC_01" time="17.238"/>
  <system-out/>
</testsuite> <!-- domestic.CareersPageForm -->
