<?xml version="1.0" encoding="UTF-8"?>
<!-- Generated by org.testng.reporters.JUnitReportReporter -->
<testsuite hostname="DESKTOP-LL1B83L" failures="0" tests="1" name="domestic.CareersPageForm" time="23.134" errors="0" timestamp="2025-03-24T11:43:52 IST" skipped="0">
  <testcase classname="domestic.CareersPageForm" name="TC_01" time="23.134"/>
  <system-out/>
</testsuite> <!-- domestic.CareersPageForm -->
