<?xml version="1.0" encoding="UTF-8"?>
<!-- Generated by org.testng.reporters.JUnitReportReporter -->
<testsuite hostname="DESKTOP-LL1B83L" failures="0" tests="1" name="domestic.Download_BIM_File_Form" time="0.007" errors="0" timestamp="2025-04-24T11:50:45 IST" skipped="0">
  <testcase classname="domestic.Download_BIM_File_Form" name="testBimFormSubmission" time="0.007"/>
  <system-out/>
</testsuite> <!-- domestic.Download_BIM_File_Form -->
