<?xml version="1.0" encoding="UTF-8"?>
<!-- Generated by org.testng.reporters.JUnitReportReporter -->
<testsuite hostname="DESKTOP-LL1B83L" failures="0" tests="1" name="domestic.Check" time="5.891" errors="0" timestamp="2025-07-24T12:22:07 IST" skipped="0">
  <testcase classname="domestic.Check" name="TC_01" time="5.891"/>
  <system-out/>
</testsuite> <!-- domestic.Check -->
