<?xml version="1.0" encoding="UTF-8"?>
<!-- Generated by org.testng.reporters.JUnitReportReporter -->
<testsuite hostname="DESKTOP-LL1B83L" failures="0" tests="1" name="domestic.Curations" time="36.060" errors="0" timestamp="2025-04-01T11:48:37 IST" skipped="0">
  <testcase classname="domestic.Curations" name="TC_01" time="36.060"/>
  <system-out/>
</testsuite> <!-- domestic.Curations -->
