<?xml version="1.0" encoding="UTF-8"?>
<!-- Generated by org.testng.reporters.JUnitReportReporter -->
<testsuite hostname="DESKTOP-LL1B83L" failures="0" tests="1" name="domestic.Check" time="6.574" errors="0" timestamp="2025-07-23T17:52:10 IST" skipped="0">
  <testcase classname="domestic.Check" name="TC_01" time="6.574"/>
  <system-out/>
</testsuite> <!-- domestic.Check -->
