<?xml version="1.0" encoding="UTF-8"?>
<!-- Generated by org.testng.reporters.JUnitReportReporter -->
<testsuite hostname="DESKTOP-LL1B83L" failures="0" tests="1" name="domestic.Download_BIM_File_Form" time="30.680" errors="0" timestamp="2025-04-01T11:48:37 IST" skipped="0">
  <testcase classname="domestic.Download_BIM_File_Form" name="testBimFormSubmission" time="30.680"/>
  <system-out/>
</testsuite> <!-- domestic.Download_BIM_File_Form -->
